{
  "RSpec": {
    "coverage": {
      "/home/rafael/Sources/Ruby/class-organizer/course.rb": [
        1,
        null,
        1,
        1,
        143000,
        143000,
        143000,
        143000,
        143000,
        null,
        null,
        1,
        152389,
        null,
        null,
        1,
        9389,
        null,
        null
      ],
      "/home/rafael/Sources/Ruby/class-organizer/chromosome.rb": [
        1,
        null,
        1,
        1,
        1000,
        1000,
        1000,
        143000,
        null,
        1000,
        1000,
        null,
        null,
        1,
        360,
        51840,
        360,
        51480,
        null,
        360,
        360,
        null,
        null,
        1,
        0,
        null,
        null,
        1,
        1489,
        null,
        null,
        1,
        489,
        null,
        null,
        1,
        1489,
        214416,
        1489,
        1489,
        null,
        null,
        1,
        1286496,
        8934,
        8934,
        1489,
        8934,
        1489,
        null,
        null,
        1,
        9518,
        129,
        9389,
        null,
        null,
        null
      ],
      "/home/rafael/Sources/Ruby/class-organizer/generation.rb": [
        1,
        1,
        null,
        1,
        1005,
        null,
        null,
        1,
        3,
        603,
        3,
        3,
        360,
        null,
        3,
        null,
        null,
        1,
        131,
        2,
        129,
        129,
        null,
        null,
        null,
        1,
        121,
        121,
        1,
        null,
        null
      ]
    },
    "timestamp": 1329333880
  }
}
