{
  "RSpec": {
    "coverage": {
      "/home/rafael/Sources/Ruby/class-organizer/lib/course.rb": [
        1,
        null,
        1,
        1,
        1574,
        1574,
        1574,
        1574,
        1574,
        null,
        null,
        1,
        1659,
        null,
        null,
        1,
        85,
        null,
        null
      ],
      "/home/rafael/Sources/Ruby/class-organizer/lib/chromosome.rb": [
        1,
        null,
        1,
        1,
        11,
        11,
        11,
        1573,
        null,
        11,
        11,
        null,
        null,
        1,
        1,
        144,
        1,
        143,
        null,
        1,
        1,
        null,
        null,
        1,
        110,
        null,
        null,
        1,
        14,
        null,
        null,
        1,
        2,
        null,
        null,
        1,
        16,
        1890,
        16,
        16,
        null,
        null,
        1,
        90,
        15,
        1869,
        null,
        null,
        null,
        null,
        15,
        90,
        15,
        null,
        null,
        1,
        86,
        1,
        85,
        null,
        null,
        null
      ],
      "/home/rafael/Sources/Ruby/class-organizer/lib/generation.rb": [
        1,
        1,
        null,
        1,
        0,
        null,
        null,
        1,
        0,
        0,
        0,
        0,
        0,
        null,
        0,
        null,
        null,
        1,
        0,
        0,
        0,
        0,
        null,
        null,
        null,
        1,
        0,
        0,
        null,
        null,
        1,
        0,
        0,
        null,
        null
      ]
    },
    "timestamp": 1329407737
  }
}
